0 info it worked if it ends with ok
1 verbose cli [ '/home/z/.nvm/versions/node/v6.10.2/bin/node',
1 verbose cli   '/home/z/.nvm/versions/node/v6.10.2/bin/npm',
1 verbose cli   'login' ]
2 info using npm@3.10.10
3 info using node@v6.10.2
4 verbose adduser before first PUT { _id: 'org.couchdb.user:ruoyu0',
4 verbose adduser   name: 'ruoyu0',
4 verbose adduser   password: 'XXXXX',
4 verbose adduser   email: 'hunger@jirengu.com',
4 verbose adduser   type: 'user',
4 verbose adduser   roles: [],
4 verbose adduser   date: '2017-05-14T06:02:11.520Z' }
5 verbose request uri https://registry.npm.taobao.org/-/user/org.couchdb.user:ruoyu0
6 verbose request new user, so can't send auth
7 info attempt registry request try #1 at 14:02:11
8 verbose request id fa56828d1f0d5e94
9 http request PUT https://registry.npm.taobao.org/-/user/org.couchdb.user:ruoyu0
10 http 409 https://registry.npm.taobao.org/-/user/org.couchdb.user:ruoyu0
11 verbose headers { date: 'Sun, 14 May 2017 06:02:12 GMT',
11 verbose headers   'content-type': 'application/json; charset=utf-8',
11 verbose headers   'content-length': '59',
11 verbose headers   connection: 'keep-alive',
11 verbose headers   'x-current-requests': '1',
11 verbose headers   'x-readtime': '36' }
12 verbose request invalidating /home/z/.npm/registry.npm.taobao.org/-/user/org.couchdb.user_3Aruoyu0 on PUT
13 verbose adduser update existing user
14 verbose request uri https://registry.npm.taobao.org/-/user/org.couchdb.user:ruoyu0?write=true
15 verbose request no auth needed
16 info attempt registry request try #1 at 14:02:12
17 http request GET https://registry.npm.taobao.org/-/user/org.couchdb.user:ruoyu0?write=true
18 http 200 https://registry.npm.taobao.org/-/user/org.couchdb.user:ruoyu0?write=true
19 verbose headers { date: 'Sun, 14 May 2017 06:02:12 GMT',
19 verbose headers   'content-type': 'application/json; charset=utf-8',
19 verbose headers   'content-length': '223',
19 verbose headers   connection: 'keep-alive',
19 verbose headers   'x-current-requests': '1',
19 verbose headers   etag: '"df-vWCjK/Vs2Ca74RO11gz44f/mVJA"',
19 verbose headers   'x-readtime': '4' }
20 verbose adduser userobj { _id: 'org.couchdb.user:ruoyu0',
20 verbose adduser   name: 'ruoyu0',
20 verbose adduser   password: 'XXXXX',
20 verbose adduser   email: 'hunger@jirengu.com',
20 verbose adduser   type: 'user',
20 verbose adduser   roles: [],
20 verbose adduser   date: '2017-05-14T06:02:11.520Z' }
21 verbose request uri https://registry.npm.taobao.org/-/user/org.couchdb.user:ruoyu0/-rev/undefined
22 verbose request updating existing user; sending authorization
23 info attempt registry request try #1 at 14:02:12
24 http request PUT https://registry.npm.taobao.org/-/user/org.couchdb.user:ruoyu0/-rev/undefined
25 http 401 https://registry.npm.taobao.org/-/user/org.couchdb.user:ruoyu0/-rev/undefined
26 verbose headers { date: 'Sun, 14 May 2017 06:02:12 GMT',
26 verbose headers   'content-type': 'application/json; charset=utf-8',
26 verbose headers   'content-length': '47',
26 verbose headers   connection: 'keep-alive',
26 verbose headers   'x-current-requests': '1',
26 verbose headers   'x-readtime': '6' }
27 verbose request invalidating /home/z/.npm/registry.npm.taobao.org/-/user/org.couchdb.user_3Aruoyu0 on PUT
28 verbose adduser back [ { Error: unauthorized Login first: -/user/org.couchdb.user:ruoyu0/-rev/undefined
28 verbose adduser       at makeError (/home/z/.nvm/versions/node/v6.10.2/lib/node_modules/npm/node_modules/npm-registry-client/lib/request.js:302:12)
28 verbose adduser       at CachingRegistryClient.<anonymous> (/home/z/.nvm/versions/node/v6.10.2/lib/node_modules/npm/node_modules/npm-registry-client/lib/request.js:290:14)
28 verbose adduser       at Request._callback (/home/z/.nvm/versions/node/v6.10.2/lib/node_modules/npm/node_modules/npm-registry-client/lib/request.js:210:14)
28 verbose adduser       at Request.self.callback (/home/z/.nvm/versions/node/v6.10.2/lib/node_modules/npm/node_modules/request/request.js:187:22)
28 verbose adduser       at emitTwo (events.js:106:13)
28 verbose adduser       at Request.emit (events.js:191:7)
28 verbose adduser       at Request.<anonymous> (/home/z/.nvm/versions/node/v6.10.2/lib/node_modules/npm/node_modules/request/request.js:1048:10)
28 verbose adduser       at emitOne (events.js:96:13)
28 verbose adduser       at Request.emit (events.js:188:7)
28 verbose adduser       at IncomingMessage.<anonymous> (/home/z/.nvm/versions/node/v6.10.2/lib/node_modules/npm/node_modules/request/request.js:969:12) statusCode: 401, code: 'E401' },
28 verbose adduser   { error: 'unauthorized', reason: 'Login first' },
28 verbose adduser   '{"error":"unauthorized","reason":"Login first"}' ]
29 warn adduser Incorrect username or password
29 warn adduser You can reset your account by visiting:
29 warn adduser
29 warn adduser     https://npmjs.org/forgot
30 verbose stack Error: unauthorized Login first: -/user/org.couchdb.user:ruoyu0/-rev/undefined
30 verbose stack     at makeError (/home/z/.nvm/versions/node/v6.10.2/lib/node_modules/npm/node_modules/npm-registry-client/lib/request.js:302:12)
30 verbose stack     at CachingRegistryClient.<anonymous> (/home/z/.nvm/versions/node/v6.10.2/lib/node_modules/npm/node_modules/npm-registry-client/lib/request.js:290:14)
30 verbose stack     at Request._callback (/home/z/.nvm/versions/node/v6.10.2/lib/node_modules/npm/node_modules/npm-registry-client/lib/request.js:210:14)
30 verbose stack     at Request.self.callback (/home/z/.nvm/versions/node/v6.10.2/lib/node_modules/npm/node_modules/request/request.js:187:22)
30 verbose stack     at emitTwo (events.js:106:13)
30 verbose stack     at Request.emit (events.js:191:7)
30 verbose stack     at Request.<anonymous> (/home/z/.nvm/versions/node/v6.10.2/lib/node_modules/npm/node_modules/request/request.js:1048:10)
30 verbose stack     at emitOne (events.js:96:13)
30 verbose stack     at Request.emit (events.js:188:7)
30 verbose stack     at IncomingMessage.<anonymous> (/home/z/.nvm/versions/node/v6.10.2/lib/node_modules/npm/node_modules/request/request.js:969:12)
31 verbose statusCode 401
32 verbose cwd /home/z/App/JRG/task39
33 error Linux 4.8.0-49-generic
34 error argv "/home/z/.nvm/versions/node/v6.10.2/bin/node" "/home/z/.nvm/versions/node/v6.10.2/bin/npm" "login"
35 error node v6.10.2
36 error npm  v3.10.10
37 error code E401
38 error unauthorized Login first: -/user/org.couchdb.user:ruoyu0/-rev/undefined
39 error If you need help, you may report this error at:
39 error     <https://github.com/npm/npm/issues>
40 verbose exit [ 1, true ]
